# JRE version: OpenJDK Runtime Environment Microsoft-8035246 (17.0.8+7) (build 17.0.8+7-LTS)
# Java VM: OpenJDK 64-Bit Server VM Microsoft-8035246 (17.0.8+7-LTS, mixed mode, sharing, tiered, compressed oops, compressed class ptrs, g1 gc, windows-amd64)
GC Precious Log:
 CPUs: 4 total, 4 available
 Memory: 7821M
 Large Page Support: Disabled
 NUMA Support: Disabled
 Compressed Oops: Enabled (32-bit)
 Heap Region Size: 1M
 Heap Min Capacity: 8M
 Heap Initial Capacity: 124M
 Heap Max Capacity: 2G
 Pre-touch: Disabled
 Parallel Workers: 4
 Concurrent Workers: 1
 Concurrent Refinement Workers: 4
 Periodic GC: Disabled
Heap:
 garbage-first heap   total 354304K, used 228864K [0x0000000080000000, 0x0000000100000000)
  region size 1024K, 56 young (57344K), 9 survivors (9216K)
 Metaspace       used 110596K, committed 111872K, reserved 557056K
  class space    used 15160K, committed 15744K, reserved 425984K
GC Heap History (20 events):
Event: 29.657 GC heap before
{Heap before GC invocations=46 (full 0):
 garbage-first heap   total 177152K, used 88304K [0x0000000080000000, 0x0000000100000000)
  region size 1024K, 8 young (8192K), 6 survivors (6144K)
 Metaspace       used 78077K, committed 78784K, reserved 557056K
  class space    used 10789K, committed 11136K, reserved 425984K
}
Event: 29.665 GC heap after
{Heap after GC invocations=47 (full 0):
 garbage-first heap   total 177152K, used 87849K [0x0000000080000000, 0x0000000100000000)
  region size 1024K, 1 young (1024K), 1 survivors (1024K)
 Metaspace       used 78077K, committed 78784K, reserved 557056K
  class space    used 10789K, committed 11136K, reserved 425984K
}
Event: 30.485 GC heap before
{Heap before GC invocations=47 (full 0):
 garbage-first heap   total 177152K, used 127785K [0x0000000080000000, 0x0000000100000000)
  region size 1024K, 40 young (40960K), 1 survivors (1024K)
 Metaspace       used 80839K, committed 81536K, reserved 557056K
  class space    used 11144K, committed 11456K, reserved 425984K
}
Event: 30.488 GC heap after
{Heap after GC invocations=48 (full 0):
 garbage-first heap   total 177152K, used 89232K [0x0000000080000000, 0x0000000100000000)
  region size 1024K, 3 young (3072K), 3 survivors (3072K)
 Metaspace       used 80839K, committed 81536K, reserved 557056K
  class space    used 11144K, committed 11456K, reserved 425984K
}
Event: 31.380 GC heap before
{Heap before GC invocations=49 (full 0):
 garbage-first heap   total 177152K, used 131216K [0x0000000080000000, 0x0000000100000000)
  region size 1024K, 44 young (45056K), 3 survivors (3072K)
 Metaspace       used 83308K, committed 84096K, reserved 557056K
  class space    used 11489K, committed 11840K, reserved 425984K
}
Event: 31.390 GC heap after
{Heap after GC invocations=50 (full 0):
 garbage-first heap   total 177152K, used 91580K [0x0000000080000000, 0x0000000100000000)
  region size 1024K, 5 young (5120K), 5 survivors (5120K)
 Metaspace       used 83308K, committed 84096K, reserved 557056K
  class space    used 11489K, committed 11840K, reserved 425984K
}
Event: 31.423 GC heap before
{Heap before GC invocations=50 (full 0):
 garbage-first heap   total 177152K, used 94652K [0x0000000080000000, 0x0000000100000000)
  region size 1024K, 8 young (8192K), 5 survivors (5120K)
 Metaspace       used 83308K, committed 84096K, reserved 557056K
  class space    used 11489K, committed 11840K, reserved 425984K
}
Event: 31.431 GC heap after
{Heap after GC invocations=51 (full 0):
 garbage-first heap   total 177152K, used 91452K [0x0000000080000000, 0x0000000100000000)
  region size 1024K, 1 young (1024K), 1 survivors (1024K)
 Metaspace       used 83308K, committed 84096K, reserved 557056K
  class space    used 11489K, committed 11840K, reserved 425984K
}
Event: 38.904 GC heap before
{Heap before GC invocations=51 (full 0):
 garbage-first heap   total 177152K, used 135484K [0x0000000080000000, 0x0000000100000000)
  region size 1024K, 44 young (45056K), 1 survivors (1024K)
 Metaspace       used 84437K, committed 85184K, reserved 557056K
  class space    used 11647K, committed 11968K, reserved 425984K
}
Event: 38.912 GC heap after
{Heap after GC invocations=52 (full 0):
 garbage-first heap   total 354304K, used 94711K [0x0000000080000000, 0x0000000100000000)
  region size 1024K, 4 young (4096K), 4 survivors (4096K)
 Metaspace       used 84437K, committed 85184K, reserved 557056K
  class space    used 11647K, committed 11968K, reserved 425984K
}
Event: 52.164 GC heap before
{Heap before GC invocations=52 (full 0):
 garbage-first heap   total 354304K, used 253431K [0x0000000080000000, 0x0000000100000000)
  region size 1024K, 159 young (162816K), 4 survivors (4096K)
 Metaspace       used 93637K, committed 94528K, reserved 557056K
  class space    used 13061K, committed 13440K, reserved 425984K
}
Event: 52.195 GC heap after
{Heap after GC invocations=53 (full 0):
 garbage-first heap   total 354304K, used 102911K [0x0000000080000000, 0x0000000100000000)
  region size 1024K, 12 young (12288K), 12 survivors (12288K)
 Metaspace       used 93637K, committed 94528K, reserved 557056K
  class space    used 13061K, committed 13440K, reserved 425984K
}
Event: 58.913 GC heap before
{Heap before GC invocations=53 (full 0):
 garbage-first heap   total 354304K, used 285183K [0x0000000080000000, 0x0000000100000000)
  region size 1024K, 183 young (187392K), 12 survivors (12288K)
 Metaspace       used 99516K, committed 100544K, reserved 557056K
  class space    used 13794K, committed 14272K, reserved 425984K
}
Event: 58.987 GC heap after
{Heap after GC invocations=54 (full 0):
 garbage-first heap   total 354304K, used 143391K [0x0000000080000000, 0x0000000100000000)
  region size 1024K, 23 young (23552K), 23 survivors (23552K)
 Metaspace       used 99516K, committed 100544K, reserved 557056K
  class space    used 13794K, committed 14272K, reserved 425984K
}
Event: 63.200 GC heap before
{Heap before GC invocations=54 (full 0):
 garbage-first heap   total 354304K, used 268319K [0x0000000080000000, 0x0000000100000000)
  region size 1024K, 144 young (147456K), 23 survivors (23552K)
 Metaspace       used 105015K, committed 106176K, reserved 557056K
  class space    used 14570K, committed 15104K, reserved 425984K
}
Event: 63.240 GC heap after
{Heap after GC invocations=55 (full 0):
 garbage-first heap   total 354304K, used 161280K [0x0000000080000000, 0x0000000100000000)
  region size 1024K, 15 young (15360K), 15 survivors (15360K)
 Metaspace       used 105015K, committed 106176K, reserved 557056K
  class space    used 14570K, committed 15104K, reserved 425984K
}
Event: 65.389 GC heap before
{Heap before GC invocations=55 (full 0):
 garbage-first heap   total 354304K, used 272896K [0x0000000080000000, 0x0000000100000000)
  region size 1024K, 124 young (126976K), 15 survivors (15360K)
 Metaspace       used 107081K, committed 108288K, reserved 557056K
  class space    used 14799K, committed 15360K, reserved 425984K
}
Event: 65.417 GC heap after
{Heap after GC invocations=56 (full 0):
 garbage-first heap   total 354304K, used 174080K [0x0000000080000000, 0x0000000100000000)
  region size 1024K, 13 young (13312K), 13 survivors (13312K)
 Metaspace       used 107081K, committed 108288K, reserved 557056K
  class space    used 14799K, committed 15360K, reserved 425984K
}
Event: 67.859 GC heap before
{Heap before GC invocations=56 (full 0):
 garbage-first heap   total 354304K, used 282624K [0x0000000080000000, 0x0000000100000000)
  region size 1024K, 115 young (117760K), 13 survivors (13312K)
 Metaspace       used 110032K, committed 111232K, reserved 557056K
  class space    used 15061K, committed 15616K, reserved 425984K
}
Event: 67.888 GC heap after
{Heap after GC invocations=57 (full 0):
 garbage-first heap   total 354304K, used 182784K [0x0000000080000000, 0x0000000100000000)
  region size 1024K, 9 young (9216K), 9 survivors (9216K)
 Metaspace       used 110032K, committed 111232K, reserved 557056K
  class space    used 15061K, committed 15616K, reserved 425984K
}

