# JRE version: OpenJDK Runtime Environment Microsoft-8035246 (17.0.8+7) (build 17.0.8+7-LTS)
# Java VM: OpenJDK 64-Bit Server VM Microsoft-8035246 (17.0.8+7-LTS, mixed mode, sharing, tiered, compressed oops, compressed class ptrs, g1 gc, windows-amd64)
GC Precious Log:
 CPUs: 4 total, 4 available
 Memory: 7821M
 Large Page Support: Disabled
 NUMA Support: Disabled
 Compressed Oops: Enabled (32-bit)
 Heap Region Size: 1M
 Heap Min Capacity: 8M
 Heap Initial Capacity: 124M
 Heap Max Capacity: 2G
 Pre-touch: Disabled
 Parallel Workers: 4
 Concurrent Workers: 1
 Concurrent Refinement Workers: 4
 Periodic GC: Disabled
Heap:
 garbage-first heap   total 444416K, used 289628K [0x0000000080000000, 0x0000000100000000)
  region size 1024K, 130 young (133120K), 21 survivors (21504K)
 Metaspace       used 105606K, committed 106880K, reserved 557056K
  class space    used 14525K, committed 15104K, reserved 425984K
GC Heap History (20 events):
Event: 56.618 GC heap before
{Heap before GC invocations=51 (full 0):
 garbage-first heap   total 228352K, used 164364K [0x0000000080000000, 0x0000000100000000)
  region size 1024K, 71 young (72704K), 1 survivors (1024K)
 Metaspace       used 82028K, committed 82752K, reserved 557056K
  class space    used 11371K, committed 11712K, reserved 425984K
}
Event: 56.623 GC heap after
{Heap after GC invocations=52 (full 0):
 garbage-first heap   total 228352K, used 94429K [0x0000000080000000, 0x0000000100000000)
  region size 1024K, 4 young (4096K), 4 survivors (4096K)
 Metaspace       used 82028K, committed 82752K, reserved 557056K
  class space    used 11371K, committed 11712K, reserved 425984K
}
Event: 57.826 GC heap before
{Heap before GC invocations=52 (full 0):
 garbage-first heap   total 228352K, used 169181K [0x0000000080000000, 0x0000000100000000)
  region size 1024K, 77 young (78848K), 4 survivors (4096K)
 Metaspace       used 87123K, committed 87872K, reserved 557056K
  class space    used 12240K, committed 12608K, reserved 425984K
}
Event: 57.832 GC heap after
{Heap after GC invocations=53 (full 0):
 garbage-first heap   total 228352K, used 97410K [0x0000000080000000, 0x0000000100000000)
  region size 1024K, 7 young (7168K), 7 survivors (7168K)
 Metaspace       used 87123K, committed 87872K, reserved 557056K
  class space    used 12240K, committed 12608K, reserved 425984K
}
Event: 59.004 GC heap before
{Heap before GC invocations=53 (full 0):
 garbage-first heap   total 228352K, used 175234K [0x0000000080000000, 0x0000000100000000)
  region size 1024K, 83 young (84992K), 7 survivors (7168K)
 Metaspace       used 90125K, committed 91008K, reserved 557056K
  class space    used 12700K, committed 13120K, reserved 425984K
}
Event: 59.022 GC heap after
{Heap after GC invocations=54 (full 0):
 garbage-first heap   total 228352K, used 105928K [0x0000000080000000, 0x0000000100000000)
  region size 1024K, 11 young (11264K), 11 survivors (11264K)
 Metaspace       used 90125K, committed 91008K, reserved 557056K
  class space    used 12700K, committed 13120K, reserved 425984K
}
Event: 61.128 GC heap before
{Heap before GC invocations=54 (full 0):
 garbage-first heap   total 228352K, used 180680K [0x0000000080000000, 0x0000000100000000)
  region size 1024K, 81 young (82944K), 11 survivors (11264K)
 Metaspace       used 92383K, committed 93376K, reserved 557056K
  class space    used 12923K, committed 13376K, reserved 425984K
}
Event: 61.150 GC heap after
{Heap after GC invocations=55 (full 0):
 garbage-first heap   total 228352K, used 125500K [0x0000000080000000, 0x0000000100000000)
  region size 1024K, 11 young (11264K), 11 survivors (11264K)
 Metaspace       used 92383K, committed 93376K, reserved 557056K
  class space    used 12923K, committed 13376K, reserved 425984K
}
Event: 62.143 GC heap before
{Heap before GC invocations=55 (full 0):
 garbage-first heap   total 228352K, used 182844K [0x0000000080000000, 0x0000000100000000)
  region size 1024K, 64 young (65536K), 11 survivors (11264K)
 Metaspace       used 93736K, committed 94784K, reserved 557056K
  class space    used 13093K, committed 13568K, reserved 425984K
}
Event: 62.158 GC heap after
{Heap after GC invocations=56 (full 0):
 garbage-first heap   total 228352K, used 142848K [0x0000000080000000, 0x0000000100000000)
  region size 1024K, 8 young (8192K), 8 survivors (8192K)
 Metaspace       used 93736K, committed 94784K, reserved 557056K
  class space    used 13093K, committed 13568K, reserved 425984K
}
Event: 62.829 GC heap before
{Heap before GC invocations=56 (full 0):
 garbage-first heap   total 228352K, used 184832K [0x0000000080000000, 0x0000000100000000)
  region size 1024K, 48 young (49152K), 8 survivors (8192K)
 Metaspace       used 94695K, committed 95872K, reserved 557056K
  class space    used 13189K, committed 13696K, reserved 425984K
}
Event: 62.847 GC heap after
{Heap after GC invocations=57 (full 0):
 garbage-first heap   total 228352K, used 152064K [0x0000000080000000, 0x0000000100000000)
  region size 1024K, 6 young (6144K), 6 survivors (6144K)
 Metaspace       used 94695K, committed 95872K, reserved 557056K
  class space    used 13189K, committed 13696K, reserved 425984K
}
Event: 63.322 GC heap before
{Heap before GC invocations=57 (full 0):
 garbage-first heap   total 228352K, used 186880K [0x0000000080000000, 0x0000000100000000)
  region size 1024K, 41 young (41984K), 6 survivors (6144K)
 Metaspace       used 95927K, committed 97024K, reserved 557056K
  class space    used 13345K, committed 13824K, reserved 425984K
}
Event: 63.334 GC heap after
{Heap after GC invocations=58 (full 0):
 garbage-first heap   total 228352K, used 157757K [0x0000000080000000, 0x0000000100000000)
  region size 1024K, 6 young (6144K), 6 survivors (6144K)
 Metaspace       used 95927K, committed 97024K, reserved 557056K
  class space    used 13345K, committed 13824K, reserved 425984K
}
Event: 63.825 GC heap before
{Heap before GC invocations=58 (full 0):
 garbage-first heap   total 228352K, used 189501K [0x0000000080000000, 0x0000000100000000)
  region size 1024K, 37 young (37888K), 6 survivors (6144K)
 Metaspace       used 98563K, committed 99776K, reserved 557056K
  class space    used 13762K, committed 14336K, reserved 425984K
}
Event: 63.835 GC heap after
{Heap after GC invocations=59 (full 0):
 garbage-first heap   total 228352K, used 159286K [0x0000000080000000, 0x0000000100000000)
  region size 1024K, 2 young (2048K), 2 survivors (2048K)
 Metaspace       used 98563K, committed 99776K, reserved 557056K
  class space    used 13762K, committed 14336K, reserved 425984K
}
Event: 64.534 GC heap before
{Heap before GC invocations=59 (full 0):
 garbage-first heap   total 228352K, used 192054K [0x0000000080000000, 0x0000000100000000)
  region size 1024K, 34 young (34816K), 2 survivors (2048K)
 Metaspace       used 100128K, committed 101312K, reserved 557056K
  class space    used 13961K, committed 14528K, reserved 425984K
}
Event: 64.549 GC heap after
{Heap after GC invocations=60 (full 0):
 garbage-first heap   total 444416K, used 162555K [0x0000000080000000, 0x0000000100000000)
  region size 1024K, 5 young (5120K), 5 survivors (5120K)
 Metaspace       used 100128K, committed 101312K, reserved 557056K
  class space    used 13961K, committed 14528K, reserved 425984K
}
Event: 69.317 GC heap before
{Heap before GC invocations=60 (full 0):
 garbage-first heap   total 444416K, used 331515K [0x0000000080000000, 0x0000000100000000)
  region size 1024K, 166 young (169984K), 5 survivors (5120K)
 Metaspace       used 104708K, committed 105984K, reserved 557056K
  class space    used 14422K, committed 15040K, reserved 425984K
}
Event: 69.356 GC heap after
{Heap after GC invocations=61 (full 0):
 garbage-first heap   total 444416K, used 180060K [0x0000000080000000, 0x0000000100000000)
  region size 1024K, 21 young (21504K), 21 survivors (21504K)
 Metaspace       used 104708K, committed 105984K, reserved 557056K
  class space    used 14422K, committed 15040K, reserved 425984K
}

