# JRE version: OpenJDK Runtime Environment Microsoft-8035246 (17.0.8+7) (build 17.0.8+7-LTS)
# Java VM: OpenJDK 64-Bit Server VM Microsoft-8035246 (17.0.8+7-LTS, mixed mode, sharing, tiered, compressed oops, compressed class ptrs, g1 gc, windows-amd64)
GC Precious Log:
 CPUs: 4 total, 4 available
 Memory: 7821M
 Large Page Support: Disabled
 NUMA Support: Disabled
 Compressed Oops: Enabled (32-bit)
 Heap Region Size: 1M
 Heap Min Capacity: 8M
 Heap Initial Capacity: 124M
 Heap Max Capacity: 2G
 Pre-touch: Disabled
 Parallel Workers: 4
 Concurrent Workers: 1
 Concurrent Refinement Workers: 4
 Periodic GC: Disabled
Heap:
 garbage-first heap   total 436224K, used 324979K [0x0000000080000000, 0x0000000100000000)
  region size 1024K, 134 young (137216K), 8 survivors (8192K)
 Metaspace       used 106280K, committed 107584K, reserved 557056K
  class space    used 14634K, committed 15232K, reserved 425984K
GC Heap History (20 events):
Event: 36.265 GC heap before
{Heap before GC invocations=40 (full 0):
 garbage-first heap   total 207872K, used 167686K [0x0000000080000000, 0x0000000100000000)
  region size 1024K, 59 young (60416K), 9 survivors (9216K)
 Metaspace       used 93032K, committed 94144K, reserved 557056K
  class space    used 13026K, committed 13504K, reserved 425984K
}
Event: 36.285 GC heap after
{Heap after GC invocations=41 (full 0):
 garbage-first heap   total 207872K, used 133333K [0x0000000080000000, 0x0000000100000000)
  region size 1024K, 8 young (8192K), 8 survivors (8192K)
 Metaspace       used 93032K, committed 94144K, reserved 557056K
  class space    used 13026K, committed 13504K, reserved 425984K
}
Event: 36.405 GC heap before
{Heap before GC invocations=41 (full 0):
 garbage-first heap   total 207872K, used 141525K [0x0000000080000000, 0x0000000100000000)
  region size 1024K, 18 young (18432K), 8 survivors (8192K)
 Metaspace       used 93116K, committed 94208K, reserved 557056K
  class space    used 13033K, committed 13504K, reserved 425984K
}
Event: 36.417 GC heap after
{Heap after GC invocations=42 (full 0):
 garbage-first heap   total 268288K, used 136092K [0x0000000080000000, 0x0000000100000000)
  region size 1024K, 2 young (2048K), 2 survivors (2048K)
 Metaspace       used 93116K, committed 94208K, reserved 557056K
  class space    used 13033K, committed 13504K, reserved 425984K
}
Event: 37.952 GC heap before
{Heap before GC invocations=43 (full 0):
 garbage-first heap   total 268288K, used 204700K [0x0000000080000000, 0x0000000100000000)
  region size 1024K, 66 young (67584K), 2 survivors (2048K)
 Metaspace       used 95115K, committed 96320K, reserved 557056K
  class space    used 13269K, committed 13824K, reserved 425984K
}
Event: 37.962 GC heap after
{Heap after GC invocations=44 (full 0):
 garbage-first heap   total 268288K, used 153497K [0x0000000080000000, 0x0000000100000000)
  region size 1024K, 9 young (9216K), 9 survivors (9216K)
 Metaspace       used 95115K, committed 96320K, reserved 557056K
  class space    used 13269K, committed 13824K, reserved 425984K
}
Event: 38.034 GC heap before
{Heap before GC invocations=44 (full 0):
 garbage-first heap   total 268288K, used 157593K [0x0000000080000000, 0x0000000100000000)
  region size 1024K, 13 young (13312K), 9 survivors (9216K)
 Metaspace       used 95192K, committed 96384K, reserved 557056K
  class space    used 13280K, committed 13824K, reserved 425984K
}
Event: 38.047 GC heap after
{Heap after GC invocations=45 (full 0):
 garbage-first heap   total 268288K, used 153655K [0x0000000080000000, 0x0000000100000000)
  region size 1024K, 2 young (2048K), 2 survivors (2048K)
 Metaspace       used 95192K, committed 96384K, reserved 557056K
  class space    used 13280K, committed 13824K, reserved 425984K
}
Event: 39.183 GC heap before
{Heap before GC invocations=45 (full 0):
 garbage-first heap   total 268288K, used 210999K [0x0000000080000000, 0x0000000100000000)
  region size 1024K, 56 young (57344K), 2 survivors (2048K)
 Metaspace       used 96343K, committed 97536K, reserved 557056K
  class space    used 13418K, committed 13952K, reserved 425984K
}
Event: 39.194 GC heap after
{Heap after GC invocations=46 (full 0):
 garbage-first heap   total 268288K, used 164816K [0x0000000080000000, 0x0000000100000000)
  region size 1024K, 7 young (7168K), 7 survivors (7168K)
 Metaspace       used 96343K, committed 97536K, reserved 557056K
  class space    used 13418K, committed 13952K, reserved 425984K
}
Event: 40.190 GC heap before
{Heap before GC invocations=47 (full 0):
 garbage-first heap   total 299008K, used 212944K [0x0000000080000000, 0x0000000100000000)
  region size 1024K, 54 young (55296K), 7 survivors (7168K)
 Metaspace       used 100277K, committed 101568K, reserved 557056K
  class space    used 14000K, committed 14592K, reserved 425984K
}
Event: 40.205 GC heap after
{Heap after GC invocations=48 (full 0):
 garbage-first heap   total 299008K, used 167897K [0x0000000080000000, 0x0000000100000000)
  region size 1024K, 3 young (3072K), 3 survivors (3072K)
 Metaspace       used 100277K, committed 101568K, reserved 557056K
  class space    used 14000K, committed 14592K, reserved 425984K
}
Event: 40.523 GC heap before
{Heap before GC invocations=48 (full 0):
 garbage-first heap   total 299008K, used 179161K [0x0000000080000000, 0x0000000100000000)
  region size 1024K, 14 young (14336K), 3 survivors (3072K)
 Metaspace       used 100435K, committed 101696K, reserved 557056K
  class space    used 14016K, committed 14592K, reserved 425984K
}
Event: 40.532 GC heap after
{Heap after GC invocations=49 (full 0):
 garbage-first heap   total 299008K, used 169225K [0x0000000080000000, 0x0000000100000000)
  region size 1024K, 2 young (2048K), 2 survivors (2048K)
 Metaspace       used 100435K, committed 101696K, reserved 557056K
  class space    used 14016K, committed 14592K, reserved 425984K
}
Event: 41.434 GC heap before
{Heap before GC invocations=49 (full 0):
 garbage-first heap   total 299008K, used 234761K [0x0000000080000000, 0x0000000100000000)
  region size 1024K, 66 young (67584K), 2 survivors (2048K)
 Metaspace       used 102195K, committed 103488K, reserved 557056K
  class space    used 14227K, committed 14848K, reserved 425984K
}
Event: 41.449 GC heap after
{Heap after GC invocations=50 (full 0):
 garbage-first heap   total 299008K, used 178371K [0x0000000080000000, 0x0000000100000000)
  region size 1024K, 9 young (9216K), 9 survivors (9216K)
 Metaspace       used 102195K, committed 103488K, reserved 557056K
  class space    used 14227K, committed 14848K, reserved 425984K
}
Event: 42.074 GC heap before
{Heap before GC invocations=50 (full 0):
 garbage-first heap   total 299008K, used 238787K [0x0000000080000000, 0x0000000100000000)
  region size 1024K, 68 young (69632K), 9 survivors (9216K)
 Metaspace       used 102454K, committed 103744K, reserved 557056K
  class space    used 14228K, committed 14848K, reserved 425984K
}
Event: 42.091 GC heap after
{Heap after GC invocations=51 (full 0):
 garbage-first heap   total 299008K, used 184466K [0x0000000080000000, 0x0000000100000000)
  region size 1024K, 6 young (6144K), 6 survivors (6144K)
 Metaspace       used 102454K, committed 103744K, reserved 557056K
  class space    used 14228K, committed 14848K, reserved 425984K
}
Event: 42.608 GC heap before
{Heap before GC invocations=51 (full 0):
 garbage-first heap   total 299008K, used 241810K [0x0000000080000000, 0x0000000100000000)
  region size 1024K, 63 young (64512K), 6 survivors (6144K)
 Metaspace       used 103849K, committed 105216K, reserved 557056K
  class space    used 14365K, committed 14976K, reserved 425984K
}
Event: 42.627 GC heap after
{Heap after GC invocations=52 (full 0):
 garbage-first heap   total 436224K, used 192883K [0x0000000080000000, 0x0000000100000000)
  region size 1024K, 8 young (8192K), 8 survivors (8192K)
 Metaspace       used 103849K, committed 105216K, reserved 557056K
  class space    used 14365K, committed 14976K, reserved 425984K
}

