# JRE version: OpenJDK Runtime Environment Microsoft-8035246 (17.0.8+7) (build 17.0.8+7-LTS)
# Java VM: OpenJDK 64-Bit Server VM Microsoft-8035246 (17.0.8+7-LTS, mixed mode, sharing, tiered, compressed oops, compressed class ptrs, g1 gc, windows-amd64)
GC Precious Log:
 CPUs: 4 total, 4 available
 Memory: 7821M
 Large Page Support: Disabled
 NUMA Support: Disabled
 Compressed Oops: Enabled (32-bit)
 Heap Region Size: 1M
 Heap Min Capacity: 8M
 Heap Initial Capacity: 124M
 Heap Max Capacity: 2G
 Pre-touch: Disabled
 Parallel Workers: 4
 Concurrent Workers: 1
 Concurrent Refinement Workers: 4
 Periodic GC: Disabled
Heap:
 garbage-first heap   total 358400K, used 246784K [0x0000000080000000, 0x0000000100000000)
  region size 1024K, 56 young (57344K), 8 survivors (8192K)
 Metaspace       used 106301K, committed 107584K, reserved 557056K
  class space    used 14625K, committed 15232K, reserved 425984K
GC Heap History (20 events):
Event: 31.960 GC heap before
{Heap before GC invocations=29 (full 0):
 garbage-first heap   total 176128K, used 140775K [0x0000000080000000, 0x0000000100000000)
  region size 1024K, 45 young (46080K), 2 survivors (2048K)
 Metaspace       used 84577K, committed 85312K, reserved 557056K
  class space    used 11886K, committed 12224K, reserved 425984K
}
Event: 31.964 GC heap after
{Heap after GC invocations=30 (full 0):
 garbage-first heap   total 176128K, used 96581K [0x0000000080000000, 0x0000000100000000)
  region size 1024K, 3 young (3072K), 3 survivors (3072K)
 Metaspace       used 84577K, committed 85312K, reserved 557056K
  class space    used 11886K, committed 12224K, reserved 425984K
}
Event: 32.030 GC heap before
{Heap before GC invocations=30 (full 0):
 garbage-first heap   total 176128K, used 100677K [0x0000000080000000, 0x0000000100000000)
  region size 1024K, 8 young (8192K), 3 survivors (3072K)
 Metaspace       used 84933K, committed 85696K, reserved 557056K
  class space    used 11941K, committed 12288K, reserved 425984K
}
Event: 32.034 GC heap after
{Heap after GC invocations=31 (full 0):
 garbage-first heap   total 176128K, used 96413K [0x0000000080000000, 0x0000000100000000)
  region size 1024K, 1 young (1024K), 1 survivors (1024K)
 Metaspace       used 84933K, committed 85696K, reserved 557056K
  class space    used 11941K, committed 12288K, reserved 425984K
}
Event: 32.611 GC heap before
{Heap before GC invocations=31 (full 0):
 garbage-first heap   total 176128K, used 146589K [0x0000000080000000, 0x0000000100000000)
  region size 1024K, 50 young (51200K), 1 survivors (1024K)
 Metaspace       used 87503K, committed 88320K, reserved 557056K
  class space    used 12298K, committed 12672K, reserved 425984K
}
Event: 32.617 GC heap after
{Heap after GC invocations=32 (full 0):
 garbage-first heap   total 176128K, used 99748K [0x0000000080000000, 0x0000000100000000)
  region size 1024K, 4 young (4096K), 4 survivors (4096K)
 Metaspace       used 87503K, committed 88320K, reserved 557056K
  class space    used 12298K, committed 12672K, reserved 425984K
}
Event: 33.345 GC heap before
{Heap before GC invocations=33 (full 0):
 garbage-first heap   total 179200K, used 146852K [0x0000000080000000, 0x0000000100000000)
  region size 1024K, 50 young (51200K), 4 survivors (4096K)
 Metaspace       used 89362K, committed 90240K, reserved 557056K
  class space    used 12583K, committed 12992K, reserved 425984K
}
Event: 33.357 GC heap after
{Heap after GC invocations=34 (full 0):
 garbage-first heap   total 179200K, used 104611K [0x0000000080000000, 0x0000000100000000)
  region size 1024K, 7 young (7168K), 7 survivors (7168K)
 Metaspace       used 89362K, committed 90240K, reserved 557056K
  class space    used 12583K, committed 12992K, reserved 425984K
}
Event: 33.378 GC heap before
{Heap before GC invocations=34 (full 0):
 garbage-first heap   total 179200K, used 105635K [0x0000000080000000, 0x0000000100000000)
  region size 1024K, 8 young (8192K), 7 survivors (7168K)
 Metaspace       used 89442K, committed 90304K, reserved 557056K
  class space    used 12602K, committed 12992K, reserved 425984K
}
Event: 33.388 GC heap after
{Heap after GC invocations=35 (full 0):
 garbage-first heap   total 358400K, used 105223K [0x0000000080000000, 0x0000000100000000)
  region size 1024K, 1 young (1024K), 1 survivors (1024K)
 Metaspace       used 89442K, committed 90304K, reserved 557056K
  class space    used 12602K, committed 12992K, reserved 425984K
}
Event: 37.296 GC heap before
{Heap before GC invocations=35 (full 0):
 garbage-first heap   total 358400K, used 287495K [0x0000000080000000, 0x0000000100000000)
  region size 1024K, 172 young (176128K), 1 survivors (1024K)
 Metaspace       used 94892K, committed 96000K, reserved 557056K
  class space    used 13240K, committed 13760K, reserved 425984K
}
Event: 37.325 GC heap after
{Heap after GC invocations=36 (full 0):
 garbage-first heap   total 358400K, used 149504K [0x0000000080000000, 0x0000000100000000)
  region size 1024K, 22 young (22528K), 22 survivors (22528K)
 Metaspace       used 94892K, committed 96000K, reserved 557056K
  class space    used 13240K, committed 13760K, reserved 425984K
}
Event: 42.713 GC heap before
{Heap before GC invocations=36 (full 0):
 garbage-first heap   total 358400K, used 262144K [0x0000000080000000, 0x0000000100000000)
  region size 1024K, 130 young (133120K), 22 survivors (22528K)
 Metaspace       used 99898K, committed 101120K, reserved 557056K
  class space    used 13934K, committed 14528K, reserved 425984K
}
Event: 42.740 GC heap after
{Heap after GC invocations=37 (full 0):
 garbage-first heap   total 358400K, used 165376K [0x0000000080000000, 0x0000000100000000)
  region size 1024K, 13 young (13312K), 13 survivors (13312K)
 Metaspace       used 99898K, committed 101120K, reserved 557056K
  class space    used 13934K, committed 14528K, reserved 425984K
}
Event: 48.681 GC heap before
{Heap before GC invocations=37 (full 0):
 garbage-first heap   total 358400K, used 272896K [0x0000000080000000, 0x0000000100000000)
  region size 1024K, 118 young (120832K), 13 survivors (13312K)
 Metaspace       used 102380K, committed 103552K, reserved 557056K
  class space    used 14223K, committed 14784K, reserved 425984K
}
Event: 48.706 GC heap after
{Heap after GC invocations=38 (full 0):
 garbage-first heap   total 358400K, used 179200K [0x0000000080000000, 0x0000000100000000)
  region size 1024K, 14 young (14336K), 14 survivors (14336K)
 Metaspace       used 102380K, committed 103552K, reserved 557056K
  class space    used 14223K, committed 14784K, reserved 425984K
}
Event: 49.638 GC heap before
{Heap before GC invocations=38 (full 0):
 garbage-first heap   total 358400K, used 283648K [0x0000000080000000, 0x0000000100000000)
  region size 1024K, 112 young (114688K), 14 survivors (14336K)
 Metaspace       used 104711K, committed 105984K, reserved 557056K
  class space    used 14388K, committed 14976K, reserved 425984K
}
Event: 49.666 GC heap after
{Heap after GC invocations=39 (full 0):
 garbage-first heap   total 358400K, used 191488K [0x0000000080000000, 0x0000000100000000)
  region size 1024K, 12 young (12288K), 12 survivors (12288K)
 Metaspace       used 104711K, committed 105984K, reserved 557056K
  class space    used 14388K, committed 14976K, reserved 425984K
}
Event: 51.440 GC heap before
{Heap before GC invocations=39 (full 0):
 garbage-first heap   total 358400K, used 284672K [0x0000000080000000, 0x0000000100000000)
  region size 1024K, 104 young (106496K), 12 survivors (12288K)
 Metaspace       used 106298K, committed 107584K, reserved 557056K
  class space    used 14625K, committed 15232K, reserved 425984K
}
Event: 51.469 GC heap after
{Heap after GC invocations=40 (full 0):
 garbage-first heap   total 358400K, used 199680K [0x0000000080000000, 0x0000000100000000)
  region size 1024K, 8 young (8192K), 8 survivors (8192K)
 Metaspace       used 106298K, committed 107584K, reserved 557056K
  class space    used 14625K, committed 15232K, reserved 425984K
}

