# JRE version: OpenJDK Runtime Environment Microsoft-8035246 (17.0.8+7) (build 17.0.8+7-LTS)
# Java VM: OpenJDK 64-Bit Server VM Microsoft-8035246 (17.0.8+7-LTS, mixed mode, sharing, tiered, compressed oops, compressed class ptrs, g1 gc, windows-amd64)
GC Precious Log:
 CPUs: 4 total, 4 available
 Memory: 7821M
 Large Page Support: Disabled
 NUMA Support: Disabled
 Compressed Oops: Enabled (32-bit)
 Heap Region Size: 1M
 Heap Min Capacity: 8M
 Heap Initial Capacity: 124M
 Heap Max Capacity: 2G
 Pre-touch: Disabled
 Parallel Workers: 4
 Concurrent Workers: 1
 Concurrent Refinement Workers: 4
 Periodic GC: Disabled
Heap:
 garbage-first heap   total 318464K, used 191488K [0x0000000080000000, 0x0000000100000000)
  region size 1024K, 10 young (10240K), 6 survivors (6144K)
 Metaspace       used 110566K, committed 111808K, reserved 557056K
  class space    used 15166K, committed 15744K, reserved 425984K
GC Heap History (20 events):
Event: 31.435 GC heap before
{Heap before GC invocations=41 (full 0):
 garbage-first heap   total 187392K, used 137667K [0x0000000080000000, 0x0000000100000000)
  region size 1024K, 49 young (50176K), 3 survivors (3072K)
 Metaspace       used 83642K, committed 84480K, reserved 557056K
  class space    used 11531K, committed 11904K, reserved 425984K
}
Event: 31.442 GC heap after
{Heap after GC invocations=42 (full 0):
 garbage-first heap   total 187392K, used 94249K [0x0000000080000000, 0x0000000100000000)
  region size 1024K, 6 young (6144K), 6 survivors (6144K)
 Metaspace       used 83642K, committed 84480K, reserved 557056K
  class space    used 11531K, committed 11904K, reserved 425984K
}
Event: 31.481 GC heap before
{Heap before GC invocations=42 (full 0):
 garbage-first heap   total 187392K, used 97321K [0x0000000080000000, 0x0000000100000000)
  region size 1024K, 9 young (9216K), 6 survivors (6144K)
 Metaspace       used 83652K, committed 84480K, reserved 557056K
  class space    used 11533K, committed 11904K, reserved 425984K
}
Event: 31.489 GC heap after
{Heap after GC invocations=43 (full 0):
 garbage-first heap   total 187392K, used 94568K [0x0000000080000000, 0x0000000100000000)
  region size 1024K, 1 young (1024K), 1 survivors (1024K)
 Metaspace       used 83652K, committed 84480K, reserved 557056K
  class space    used 11533K, committed 11904K, reserved 425984K
}
Event: 32.167 GC heap before
{Heap before GC invocations=43 (full 0):
 garbage-first heap   total 187392K, used 141672K [0x0000000080000000, 0x0000000100000000)
  region size 1024K, 47 young (48128K), 1 survivors (1024K)
 Metaspace       used 86883K, committed 87744K, reserved 557056K
  class space    used 11976K, committed 12352K, reserved 425984K
}
Event: 32.172 GC heap after
{Heap after GC invocations=44 (full 0):
 garbage-first heap   total 318464K, used 96113K [0x0000000080000000, 0x0000000100000000)
  region size 1024K, 3 young (3072K), 3 survivors (3072K)
 Metaspace       used 86883K, committed 87744K, reserved 557056K
  class space    used 11976K, committed 12352K, reserved 425984K
}
Event: 35.612 GC heap before
{Heap before GC invocations=45 (full 0):
 garbage-first heap   total 318464K, used 224113K [0x0000000080000000, 0x0000000100000000)
  region size 1024K, 128 young (131072K), 3 survivors (3072K)
 Metaspace       used 93670K, committed 94528K, reserved 557056K
  class space    used 13063K, committed 13440K, reserved 425984K
}
Event: 35.623 GC heap after
{Heap after GC invocations=46 (full 0):
 garbage-first heap   total 318464K, used 103210K [0x0000000080000000, 0x0000000100000000)
  region size 1024K, 10 young (10240K), 10 survivors (10240K)
 Metaspace       used 93670K, committed 94528K, reserved 557056K
  class space    used 13063K, committed 13440K, reserved 425984K
}
Event: 35.700 GC heap before
{Heap before GC invocations=46 (full 0):
 garbage-first heap   total 318464K, used 108330K [0x0000000080000000, 0x0000000100000000)
  region size 1024K, 15 young (15360K), 10 survivors (10240K)
 Metaspace       used 93808K, committed 94656K, reserved 557056K
  class space    used 13086K, committed 13440K, reserved 425984K
}
Event: 35.710 GC heap after
{Heap after GC invocations=47 (full 0):
 garbage-first heap   total 318464K, used 104403K [0x0000000080000000, 0x0000000100000000)
  region size 1024K, 2 young (2048K), 2 survivors (2048K)
 Metaspace       used 93808K, committed 94656K, reserved 557056K
  class space    used 13086K, committed 13440K, reserved 425984K
}
Event: 39.635 GC heap before
{Heap before GC invocations=47 (full 0):
 garbage-first heap   total 318464K, used 254931K [0x0000000080000000, 0x0000000100000000)
  region size 1024K, 142 young (145408K), 2 survivors (2048K)
 Metaspace       used 98017K, committed 99008K, reserved 557056K
  class space    used 13625K, committed 14080K, reserved 425984K
}
Event: 39.674 GC heap after
{Heap after GC invocations=48 (full 0):
 garbage-first heap   total 318464K, used 143360K [0x0000000080000000, 0x0000000100000000)
  region size 1024K, 18 young (18432K), 18 survivors (18432K)
 Metaspace       used 98017K, committed 99008K, reserved 557056K
  class space    used 13625K, committed 14080K, reserved 425984K
}
Event: 41.439 GC heap before
{Heap before GC invocations=48 (full 0):
 garbage-first heap   total 318464K, used 238592K [0x0000000080000000, 0x0000000100000000)
  region size 1024K, 110 young (112640K), 18 survivors (18432K)
 Metaspace       used 101748K, committed 102848K, reserved 557056K
  class space    used 14092K, committed 14592K, reserved 425984K
}
Event: 41.463 GC heap after
{Heap after GC invocations=49 (full 0):
 garbage-first heap   total 318464K, used 157034K [0x0000000080000000, 0x0000000100000000)
  region size 1024K, 12 young (12288K), 12 survivors (12288K)
 Metaspace       used 101748K, committed 102848K, reserved 557056K
  class space    used 14092K, committed 14592K, reserved 425984K
}
Event: 43.340 GC heap before
{Heap before GC invocations=49 (full 0):
 garbage-first heap   total 318464K, used 244074K [0x0000000080000000, 0x0000000100000000)
  region size 1024K, 97 young (99328K), 12 survivors (12288K)
 Metaspace       used 106332K, committed 107520K, reserved 557056K
  class space    used 14737K, committed 15296K, reserved 425984K
}
Event: 43.361 GC heap after
{Heap after GC invocations=50 (full 0):
 garbage-first heap   total 318464K, used 166322K [0x0000000080000000, 0x0000000100000000)
  region size 1024K, 9 young (9216K), 9 survivors (9216K)
 Metaspace       used 106332K, committed 107520K, reserved 557056K
  class space    used 14737K, committed 15296K, reserved 425984K
}
Event: 44.251 GC heap before
{Heap before GC invocations=50 (full 0):
 garbage-first heap   total 318464K, used 250290K [0x0000000080000000, 0x0000000100000000)
  region size 1024K, 91 young (93184K), 9 survivors (9216K)
 Metaspace       used 107121K, committed 108288K, reserved 557056K
  class space    used 14799K, committed 15360K, reserved 425984K
}
Event: 44.275 GC heap after
{Heap after GC invocations=51 (full 0):
 garbage-first heap   total 318464K, used 175616K [0x0000000080000000, 0x0000000100000000)
  region size 1024K, 9 young (9216K), 9 survivors (9216K)
 Metaspace       used 107121K, committed 108288K, reserved 557056K
  class space    used 14799K, committed 15360K, reserved 425984K
}
Event: 45.590 GC heap before
{Heap before GC invocations=51 (full 0):
 garbage-first heap   total 318464K, used 258560K [0x0000000080000000, 0x0000000100000000)
  region size 1024K, 86 young (88064K), 9 survivors (9216K)
 Metaspace       used 109913K, committed 111104K, reserved 557056K
  class space    used 15069K, committed 15616K, reserved 425984K
}
Event: 45.612 GC heap after
{Heap after GC invocations=52 (full 0):
 garbage-first heap   total 318464K, used 182544K [0x0000000080000000, 0x0000000100000000)
  region size 1024K, 7 young (7168K), 7 survivors (7168K)
 Metaspace       used 109913K, committed 111104K, reserved 557056K
  class space    used 15069K, committed 15616K, reserved 425984K
}

