# JRE version: OpenJDK Runtime Environment Microsoft-8035246 (17.0.8+7) (build 17.0.8+7-LTS)
# Java VM: OpenJDK 64-Bit Server VM Microsoft-8035246 (17.0.8+7-LTS, mixed mode, sharing, tiered, compressed oops, compressed class ptrs, g1 gc, windows-amd64)
GC Precious Log:
 CPUs: 4 total, 4 available
 Memory: 7821M
 Large Page Support: Disabled
 NUMA Support: Disabled
 Compressed Oops: Enabled (32-bit)
 Heap Region Size: 1M
 Heap Min Capacity: 8M
 Heap Initial Capacity: 124M
 Heap Max Capacity: 2G
 Pre-touch: Disabled
 Parallel Workers: 4
 Concurrent Workers: 1
 Concurrent Refinement Workers: 4
 Periodic GC: Disabled
Heap:
 garbage-first heap   total 430080K, used 214944K [0x0000000080000000, 0x0000000100000000)
  region size 1024K, 41 young (41984K), 11 survivors (11264K)
 Metaspace       used 105255K, committed 106432K, reserved 557056K
  class space    used 14508K, committed 15104K, reserved 425984K
GC Heap History (20 events):
Event: 29.693 GC heap before
{Heap before GC invocations=47 (full 0):
 garbage-first heap   total 217088K, used 140587K [0x0000000080000000, 0x0000000100000000)
  region size 1024K, 31 young (31744K), 10 survivors (10240K)
 Metaspace       used 92095K, committed 93120K, reserved 557056K
  class space    used 12901K, committed 13376K, reserved 425984K
}
Event: 29.703 GC heap after
{Heap after GC invocations=48 (full 0):
 garbage-first heap   total 217088K, used 125710K [0x0000000080000000, 0x0000000100000000)
  region size 1024K, 4 young (4096K), 4 survivors (4096K)
 Metaspace       used 92095K, committed 93120K, reserved 557056K
  class space    used 12901K, committed 13376K, reserved 425984K
}
Event: 30.461 GC heap before
{Heap before GC invocations=49 (full 0):
 garbage-first heap   total 229376K, used 174862K [0x0000000080000000, 0x0000000100000000)
  region size 1024K, 49 young (50176K), 4 survivors (4096K)
 Metaspace       used 92840K, committed 93824K, reserved 557056K
  class space    used 12995K, committed 13440K, reserved 425984K
}
Event: 30.473 GC heap after
{Heap after GC invocations=50 (full 0):
 garbage-first heap   total 229376K, used 141176K [0x0000000080000000, 0x0000000100000000)
  region size 1024K, 7 young (7168K), 7 survivors (7168K)
 Metaspace       used 92840K, committed 93824K, reserved 557056K
  class space    used 12995K, committed 13440K, reserved 425984K
}
Event: 30.559 GC heap before
{Heap before GC invocations=50 (full 0):
 garbage-first heap   total 229376K, used 145272K [0x0000000080000000, 0x0000000100000000)
  region size 1024K, 11 young (11264K), 7 survivors (7168K)
 Metaspace       used 93238K, committed 94272K, reserved 557056K
  class space    used 13049K, committed 13504K, reserved 425984K
}
Event: 30.571 GC heap after
{Heap after GC invocations=51 (full 0):
 garbage-first heap   total 229376K, used 141810K [0x0000000080000000, 0x0000000100000000)
  region size 1024K, 1 young (1024K), 1 survivors (1024K)
 Metaspace       used 93238K, committed 94272K, reserved 557056K
  class space    used 13049K, committed 13504K, reserved 425984K
}
Event: 31.155 GC heap before
{Heap before GC invocations=51 (full 0):
 garbage-first heap   total 229376K, used 181746K [0x0000000080000000, 0x0000000100000000)
  region size 1024K, 41 young (41984K), 1 survivors (1024K)
 Metaspace       used 94335K, committed 95360K, reserved 557056K
  class space    used 13161K, committed 13632K, reserved 425984K
}
Event: 31.162 GC heap after
{Heap after GC invocations=52 (full 0):
 garbage-first heap   total 229376K, used 146357K [0x0000000080000000, 0x0000000100000000)
  region size 1024K, 5 young (5120K), 5 survivors (5120K)
 Metaspace       used 94335K, committed 95360K, reserved 557056K
  class space    used 13161K, committed 13632K, reserved 425984K
}
Event: 31.707 GC heap before
{Heap before GC invocations=53 (full 0):
 garbage-first heap   total 266240K, used 184245K [0x0000000080000000, 0x0000000100000000)
  region size 1024K, 41 young (41984K), 5 survivors (5120K)
 Metaspace       used 95583K, committed 96704K, reserved 557056K
  class space    used 13318K, committed 13824K, reserved 425984K
}
Event: 31.725 GC heap after
{Heap after GC invocations=54 (full 0):
 garbage-first heap   total 266240K, used 154585K [0x0000000080000000, 0x0000000100000000)
  region size 1024K, 6 young (6144K), 6 survivors (6144K)
 Metaspace       used 95583K, committed 96704K, reserved 557056K
  class space    used 13318K, committed 13824K, reserved 425984K
}
Event: 31.815 GC heap before
{Heap before GC invocations=54 (full 0):
 garbage-first heap   total 266240K, used 160729K [0x0000000080000000, 0x0000000100000000)
  region size 1024K, 13 young (13312K), 6 survivors (6144K)
 Metaspace       used 96138K, committed 97216K, reserved 557056K
  class space    used 13408K, committed 13888K, reserved 425984K
}
Event: 31.820 GC heap after
{Heap after GC invocations=55 (full 0):
 garbage-first heap   total 266240K, used 155254K [0x0000000080000000, 0x0000000100000000)
  region size 1024K, 1 young (1024K), 1 survivors (1024K)
 Metaspace       used 96138K, committed 97216K, reserved 557056K
  class space    used 13408K, committed 13888K, reserved 425984K
}
Event: 32.650 GC heap before
{Heap before GC invocations=55 (full 0):
 garbage-first heap   total 266240K, used 205430K [0x0000000080000000, 0x0000000100000000)
  region size 1024K, 50 young (51200K), 1 survivors (1024K)
 Metaspace       used 99543K, committed 100672K, reserved 557056K
  class space    used 13894K, committed 14400K, reserved 425984K
}
Event: 32.662 GC heap after
{Heap after GC invocations=56 (full 0):
 garbage-first heap   total 430080K, used 158881K [0x0000000080000000, 0x0000000100000000)
  region size 1024K, 5 young (5120K), 5 survivors (5120K)
 Metaspace       used 99543K, committed 100672K, reserved 557056K
  class space    used 13894K, committed 14400K, reserved 425984K
}
Event: 34.195 GC heap before
{Heap before GC invocations=57 (full 0):
 garbage-first heap   total 430080K, used 287905K [0x0000000080000000, 0x0000000100000000)
  region size 1024K, 131 young (134144K), 5 survivors (5120K)
 Metaspace       used 101840K, committed 102976K, reserved 557056K
  class space    used 14152K, committed 14656K, reserved 425984K
}
Event: 34.219 GC heap after
{Heap after GC invocations=58 (full 0):
 garbage-first heap   total 430080K, used 172131K [0x0000000080000000, 0x0000000100000000)
  region size 1024K, 17 young (17408K), 17 survivors (17408K)
 Metaspace       used 101840K, committed 102976K, reserved 557056K
  class space    used 14152K, committed 14656K, reserved 425984K
}
Event: 34.259 GC heap before
{Heap before GC invocations=58 (full 0):
 garbage-first heap   total 430080K, used 176227K [0x0000000080000000, 0x0000000100000000)
  region size 1024K, 21 young (21504K), 17 survivors (17408K)
 Metaspace       used 101959K, committed 103104K, reserved 557056K
  class space    used 14162K, committed 14720K, reserved 425984K
}
Event: 34.277 GC heap after
{Heap after GC invocations=59 (full 0):
 garbage-first heap   total 430080K, used 173203K [0x0000000080000000, 0x0000000100000000)
  region size 1024K, 2 young (2048K), 2 survivors (2048K)
 Metaspace       used 101959K, committed 103104K, reserved 557056K
  class space    used 14162K, committed 14720K, reserved 425984K
}
Event: 36.788 GC heap before
{Heap before GC invocations=59 (full 0):
 garbage-first heap   total 430080K, used 312467K [0x0000000080000000, 0x0000000100000000)
  region size 1024K, 134 young (137216K), 2 survivors (2048K)
 Metaspace       used 105230K, committed 106432K, reserved 557056K
  class space    used 14507K, committed 15104K, reserved 425984K
}
Event: 36.803 GC heap after
{Heap after GC invocations=60 (full 0):
 garbage-first heap   total 430080K, used 182176K [0x0000000080000000, 0x0000000100000000)
  region size 1024K, 11 young (11264K), 11 survivors (11264K)
 Metaspace       used 105230K, committed 106432K, reserved 557056K
  class space    used 14507K, committed 15104K, reserved 425984K
}

